#
# A fatal error has been detected by the Java Runtime Environment:
#
#  EXCEPTION_ACCESS_VIOLATION (0xc0000005) at pc=0x0000021cf2e20928, pid=9544, tid=6252
#
# JRE version: OpenJDK Runtime Environment Corretto-11.0.13.8.1 (11.0.13+8) (build 11.0.13+8-LTS)
# Java VM: OpenJDK 64-Bit Server VM Corretto-11.0.13.8.1 (11.0.13+8-LTS, mixed mode, tiered, compressed oops, g1 gc, windows-amd64)
# Problematic frame:
# C  0x0000021cf2e20928
#
# No core dump will be written. Minidumps are not enabled by default on client versions of Windows
#
# If you would like to submit a bug report, please visit:
#   https://github.com/corretto/corretto-11/issues/
#

---------------  S U M M A R Y ------------

Command Line: -ea -Didea.test.cyclic.buffer.size=1048576 -javaagent:C:\Program Files\JetBrains\IntelliJ IDEA 2021.2.3\lib\idea_rt.jar=53780:C:\Program Files\JetBrains\IntelliJ IDEA 2021.2.3\bin -Dfile.encoding=UTF-8 com.intellij.rt.junit.JUnitStarter -ideVersion5 -junit4 com.digitalinovationone.heroes.api.ApplicationTests

Host: Intel(R) Core(TM) i5-2430M CPU @ 2.40GHz, 4 cores, 7G,  Windows 10 , 64 bit Build 19041 (10.0.19041.1348)
Time: Thu Dec  9 18:04:00 2021 Hora oficial do Brasil elapsed time: 10.038590 seconds (0d 0h 0m 10s)

---------------  T H R E A D  ---------------

Current thread (0x0000021cf2414000):  JavaThread "C2 CompilerThread1" daemon [_thread_in_native, id=6252, stack(0x0000009976100000,0x0000009976200000)]


Current CompileTask:
C2:  10039 1404       4       java.io.WinNTFileSystem::normalize (143 bytes)

Stack: [0x0000009976100000,0x0000009976200000],  sp=0x00000099761fb838,  free space=1006k
Native frames: (J=compiled Java code, j=interpreted, Vv=VM code, C=native code)
C  0x0000021cf2e20928


siginfo: EXCEPTION_ACCESS_VIOLATION (0xc0000005), data execution prevention violation at address 0x0000021cf2e20928


Register to memory mapping:

RIP=0x0000021cf2e20928 points into unknown readable memory: 0x00007ffc657298b0 | b0 98 72 65 fc 7f 00 00
RAX=0x0000021cf2ae9870 points into unknown readable memory: 0x0000000000000000 | 00 00 00 00 00 00 00 00
RBX=0x00000099761fbcc0 is pointing into the stack for thread: 0x0000021cf2414000
RCX=0x0000021cf2a75cf8 points into unknown readable memory: 0x0000021cf2ae9870 | 70 98 ae f2 1c 02 00 00
RDX=0x00000099761fbc20 is pointing into the stack for thread: 0x0000021cf2414000
RSP=0x00000099761fb838 is pointing into the stack for thread: 0x0000021cf2414000
RBP=0x00000099761fb940 is pointing into the stack for thread: 0x0000021cf2414000
RSI=0x0000021cf2d82bf8 points into unknown readable memory: 0x00007ffc654fc648 | 48 c6 4f 65 fc 7f 00 00
RDI=0x0000021cf2a75cf8 points into unknown readable memory: 0x0000021cf2ae9870 | 70 98 ae f2 1c 02 00 00
R8 =0x000000000000014c is an unknown value
R9 =0x00000099761fb870 is pointing into the stack for thread: 0x0000021cf2414000
R10=0x0 is NULL
R11=0x00000099761fb800 is pointing into the stack for thread: 0x0000021cf2414000
R12=0x0 is NULL
R13=0x000000000000014c is an unknown value
R14=0x0000000000000006 is an unknown value
R15=0x0000000000000030 is an unknown value


Registers:
RAX=0x0000021cf2ae9870, RBX=0x00000099761fbcc0, RCX=0x0000021cf2a75cf8, RDX=0x00000099761fbc20
RSP=0x00000099761fb838, RBP=0x00000099761fb940, RSI=0x0000021cf2d82bf8, RDI=0x0000021cf2a75cf8
R8 =0x000000000000014c, R9 =0x00000099761fb870, R10=0x0000000000000000, R11=0x00000099761fb800
R12=0x0000000000000000, R13=0x000000000000014c, R14=0x0000000000000006, R15=0x0000000000000030
RIP=0x0000021cf2e20928, EFLAGS=0x0000000000010293

Top of Stack: (sp=0x00000099761fb838)
0x00000099761fb838:   00007ffc64e1dee1 00000099761fbcc0
0x00000099761fb848:   00000099761fb940 0000021cf2838730
0x00000099761fb858:   00000099761fbc20 0000009900000000
0x00000099761fb868:   00007ffcc5091a5e 0000000000000006
0x00000099761fb878:   0000021cf0a58630 0000021cf0a58630
0x00000099761fb888:   0000021cf0a58640 0000021cf0a58a18
0x00000099761fb898:   00000000000003d8 00000000000003d8
0x00000099761fb8a8:   0000021cf0a58630 0000000000000000
0x00000099761fb8b8:   0000000000000000 0000000000000000
0x00000099761fb8c8:   0000000000000000 0000000000000000
0x00000099761fb8d8:   0000000000000000 0000000000000000
0x00000099761fb8e8:   0000000000000000 0000000000000000
0x00000099761fb8f8:   000000000000186c 0000000000007fe8
0x00000099761fb908:   00007ffcc50d251d 000000990000000c
0x00000099761fb918:   00000099761fe1e0 00000fd700000000
0x00000099761fb928:   0000000000000118 0000000000007fd8 

Instructions: (pc=0x0000021cf2e20928)
0x0000021cf2e20828:   b0 98 72 65 fc 7f 00 00 b0 98 72 65 fc 7f 00 00
0x0000021cf2e20838:   b0 98 72 65 fc 7f 00 00 b0 98 72 65 fc 7f 00 00
0x0000021cf2e20848:   b0 98 72 65 fc 7f 00 00 b0 98 72 65 fc 7f 00 00
0x0000021cf2e20858:   a0 4c a5 f2 1c 02 00 00 b0 98 72 65 fc 7f 00 00
0x0000021cf2e20868:   b0 98 72 65 fc 7f 00 00 b0 98 72 65 fc 7f 00 00
0x0000021cf2e20878:   b0 98 72 65 fc 7f 00 00 b0 98 72 65 fc 7f 00 00
0x0000021cf2e20888:   b0 98 72 65 fc 7f 00 00 80 4c a5 f2 1c 02 00 00
0x0000021cf2e20898:   b0 98 72 65 fc 7f 00 00 b0 98 72 65 fc 7f 00 00
0x0000021cf2e208a8:   b0 98 72 65 fc 7f 00 00 b0 98 72 65 fc 7f 00 00
0x0000021cf2e208b8:   b0 98 72 65 fc 7f 00 00 b0 98 72 65 fc 7f 00 00
0x0000021cf2e208c8:   b0 98 72 65 fc 7f 00 00 b0 98 72 65 fc 7f 00 00
0x0000021cf2e208d8:   b0 98 72 65 fc 7f 00 00 b0 98 72 65 fc 7f 00 00
0x0000021cf2e208e8:   b0 98 72 65 fc 7f 00 00 b0 98 72 65 fc 7f 00 00
0x0000021cf2e208f8:   b0 98 72 65 fc 7f 00 00 b0 98 72 65 fc 7f 00 00
0x0000021cf2e20908:   b0 98 72 65 fc 7f 00 00 b0 98 72 65 fc 7f 00 00
0x0000021cf2e20918:   b0 98 72 65 fc 7f 00 00 b0 98 72 65 fc 7f 00 00
0x0000021cf2e20928:   b0 98 72 65 fc 7f 00 00 b0 98 72 65 fc 7f 00 00
0x0000021cf2e20938:   b0 98 72 65 fc 7f 00 00 b0 98 72 65 fc 7f 00 00
0x0000021cf2e20948:   b0 98 72 65 fc 7f 00 00 b0 98 72 65 fc 7f 00 00
0x0000021cf2e20958:   b0 98 72 65 fc 7f 00 00 b0 98 72 65 fc 7f 00 00
0x0000021cf2e20968:   80 4d a5 f2 1c 02 00 00 b0 98 72 65 fc 7f 00 00
0x0000021cf2e20978:   b0 98 72 65 fc 7f 00 00 b0 98 72 65 fc 7f 00 00
0x0000021cf2e20988:   b0 98 72 65 fc 7f 00 00 b0 98 72 65 fc 7f 00 00
0x0000021cf2e20998:   b0 98 72 65 fc 7f 00 00 20 4d a5 f2 1c 02 00 00
0x0000021cf2e209a8:   b0 98 72 65 fc 7f 00 00 b0 98 72 65 fc 7f 00 00
0x0000021cf2e209b8:   b0 98 72 65 fc 7f 00 00 b0 98 72 65 fc 7f 00 00
0x0000021cf2e209c8:   b0 98 72 65 fc 7f 00 00 b0 98 72 65 fc 7f 00 00
0x0000021cf2e209d8:   b0 98 72 65 fc 7f 00 00 b0 98 72 65 fc 7f 00 00
0x0000021cf2e209e8:   b0 98 72 65 fc 7f 00 00 b0 98 72 65 fc 7f 00 00
0x0000021cf2e209f8:   b0 98 72 65 fc 7f 00 00 b0 98 72 65 fc 7f 00 00
0x0000021cf2e20a08:   b0 98 72 65 fc 7f 00 00 b0 98 72 65 fc 7f 00 00
0x0000021cf2e20a18:   b0 98 72 65 fc 7f 00 00 b0 98 72 65 fc 7f 00 00 


Stack slot to memory mapping:
stack at sp + 0 slots: 0x00007ffc64e1dee1 jvm.dll
stack at sp + 1 slots: 0x00000099761fbcc0 is pointing into the stack for thread: 0x0000021cf2414000
stack at sp + 2 slots: 0x00000099761fb940 is pointing into the stack for thread: 0x0000021cf2414000
stack at sp + 3 slots: 0x0000021cf2838730 points into unknown readable memory: 0x0000000000000000 | 00 00 00 00 00 00 00 00
stack at sp + 4 slots: 0x00000099761fbc20 is pointing into the stack for thread: 0x0000021cf2414000
stack at sp + 5 slots: 0x0000009900000000 is an unknown value
stack at sp + 6 slots: 0x00007ffcc5091a5e KERNELBASE.dll
stack at sp + 7 slots: 0x0000000000000006 is an unknown value


---------------  P R O C E S S  ---------------

Threads class SMR info:
_java_thread_list=0x0000021cf28383c0, length=12, elements={
0x0000021cd22af800, 0x0000021cf0a3d000, 0x0000021cf0a3e800, 0x0000021cf13b2800,
0x0000021cf0a32800, 0x0000021cf0a34800, 0x0000021cf0a39800, 0x0000021cf0a4d000,
0x0000021cf1418800, 0x0000021cf09c1000, 0x0000021cf181a800, 0x0000021cf2414000
}

Java Threads: ( => current thread )
  0x0000021cd22af800 JavaThread "main" [_thread_in_vm, id=9868, stack(0x0000009974f00000,0x0000009975000000)]
  0x0000021cf0a3d000 JavaThread "Reference Handler" daemon [_thread_blocked, id=9204, stack(0x0000009975600000,0x0000009975700000)]
  0x0000021cf0a3e800 JavaThread "Finalizer" daemon [_thread_blocked, id=6020, stack(0x0000009975700000,0x0000009975800000)]
  0x0000021cf13b2800 JavaThread "Signal Dispatcher" daemon [_thread_blocked, id=4592, stack(0x0000009975800000,0x0000009975900000)]
  0x0000021cf0a32800 JavaThread "Attach Listener" daemon [_thread_blocked, id=7392, stack(0x0000009975900000,0x0000009975a00000)]
  0x0000021cf0a34800 JavaThread "Service Thread" daemon [_thread_blocked, id=2616, stack(0x0000009975a00000,0x0000009975b00000)]
  0x0000021cf0a39800 JavaThread "C2 CompilerThread0" daemon [_thread_in_native, id=11188, stack(0x0000009975b00000,0x0000009975c00000)]
  0x0000021cf0a4d000 JavaThread "C1 CompilerThread0" daemon [_thread_blocked, id=9976, stack(0x0000009975c00000,0x0000009975d00000)]
  0x0000021cf1418800 JavaThread "Sweeper thread" daemon [_thread_blocked, id=1436, stack(0x0000009975d00000,0x0000009975e00000)]
  0x0000021cf09c1000 JavaThread "Common-Cleaner" daemon [_thread_blocked, id=3600, stack(0x0000009975e00000,0x0000009975f00000)]
  0x0000021cf181a800 JavaThread "Monitor Ctrl-Break" daemon [_thread_in_native, id=9820, stack(0x0000009975f00000,0x0000009976000000)]
=>0x0000021cf2414000 JavaThread "C2 CompilerThread1" daemon [_thread_in_native, id=6252, stack(0x0000009976100000,0x0000009976200000)]

Other Threads:
  0x0000021cf0a05000 VMThread "VM Thread" [stack: 0x0000009975500000,0x0000009975600000] [id=4300]
  0x0000021cf1828000 WatcherThread [stack: 0x0000009976000000,0x0000009976100000] [id=8332]
  0x0000021cd22c7000 GCTaskThread "GC Thread#0" [stack: 0x0000009975000000,0x0000009975100000] [id=624]
  0x0000021cf1d83000 GCTaskThread "GC Thread#1" [stack: 0x0000009976200000,0x0000009976300000] [id=148]
  0x0000021cf1d83800 GCTaskThread "GC Thread#2" [stack: 0x0000009976300000,0x0000009976400000] [id=8304]
  0x0000021cd22f9800 ConcurrentGCThread "G1 Main Marker" [stack: 0x0000009975100000,0x0000009975200000] [id=10544]
  0x0000021cd22fb000 ConcurrentGCThread "G1 Conc#0" [stack: 0x0000009975200000,0x0000009975300000] [id=6256]
  0x0000021cf0870800 ConcurrentGCThread "G1 Refine#0" [stack: 0x0000009975300000,0x0000009975400000] [id=10148]
  0x0000021cf0871800 ConcurrentGCThread "G1 Young RemSet Sampling" [stack: 0x0000009975400000,0x0000009975500000] [id=3048]

Threads with active compile tasks:
C2 CompilerThread0  10296 1345 %     4       jdk.internal.loader.URLClassPath::getResource @ 39 (74 bytes)
C2 CompilerThread1  10297 1404       4       java.io.WinNTFileSystem::normalize (143 bytes)

VM state:not at safepoint (normal execution)

VM Mutex/Monitor currently owned by a thread: None

Heap address: 0x0000000081600000, size: 2026 MB, Compressed Oops mode: 32-bit
Narrow klass base: 0x0000000000000000, Narrow klass shift: 3
Compressed class space size: 1073741824 Address: 0x0000000100000000

Heap:
 garbage-first heap   total 131072K, used 26986K [0x0000000081600000, 0x0000000100000000)
  region size 1024K, 22 young (22528K), 2 survivors (2048K)
 Metaspace       used 16344K, capacity 16678K, committed 16896K, reserved 1064960K
  class space    used 1636K, capacity 1746K, committed 1792K, reserved 1048576K
Heap Regions: E=young(eden), S=young(survivor), O=old, HS=humongous(starts), HC=humongous(continues), CS=collection set, F=free, A=archive, TAMS=top-at-mark-start (previous, next)
|   0|0x0000000081600000, 0x0000000081700000, 0x0000000081700000|100%| O|  |TAMS 0x0000000081600000, 0x0000000081600000| Untracked 
|   1|0x0000000081700000, 0x0000000081800000, 0x0000000081800000|100%| O|  |TAMS 0x0000000081700000, 0x0000000081700000| Untracked 
|   2|0x0000000081800000, 0x0000000081900000, 0x0000000081900000|100%| O|  |TAMS 0x0000000081800000, 0x0000000081800000| Untracked 
|   3|0x0000000081900000, 0x0000000081a00000, 0x0000000081a00000|100%| O|  |TAMS 0x0000000081900000, 0x0000000081900000| Untracked 
|   4|0x0000000081a00000, 0x0000000081b00000, 0x0000000081b00000|100%| O|  |TAMS 0x0000000081a00000, 0x0000000081a00000| Untracked 
|   5|0x0000000081b00000, 0x0000000081bfc600, 0x0000000081c00000| 98%| O|  |TAMS 0x0000000081b00000, 0x0000000081b00000| Untracked 
|   6|0x0000000081c00000, 0x0000000081c00000, 0x0000000081d00000|  0%| F|  |TAMS 0x0000000081c00000, 0x0000000081c00000| Untracked 
|   7|0x0000000081d00000, 0x0000000081d00000, 0x0000000081e00000|  0%| F|  |TAMS 0x0000000081d00000, 0x0000000081d00000| Untracked 
|   8|0x0000000081e00000, 0x0000000081e00000, 0x0000000081f00000|  0%| F|  |TAMS 0x0000000081e00000, 0x0000000081e00000| Untracked 
|   9|0x0000000081f00000, 0x0000000081f00000, 0x0000000082000000|  0%| F|  |TAMS 0x0000000081f00000, 0x0000000081f00000| Untracked 
|  10|0x0000000082000000, 0x0000000082000000, 0x0000000082100000|  0%| F|  |TAMS 0x0000000082000000, 0x0000000082000000| Untracked 
|  11|0x0000000082100000, 0x0000000082100000, 0x0000000082200000|  0%| F|  |TAMS 0x0000000082100000, 0x0000000082100000| Untracked 
|  12|0x0000000082200000, 0x0000000082200000, 0x0000000082300000|  0%| F|  |TAMS 0x0000000082200000, 0x0000000082200000| Untracked 
|  13|0x0000000082300000, 0x0000000082300000, 0x0000000082400000|  0%| F|  |TAMS 0x0000000082300000, 0x0000000082300000| Untracked 
|  14|0x0000000082400000, 0x0000000082400000, 0x0000000082500000|  0%| F|  |TAMS 0x0000000082400000, 0x0000000082400000| Untracked 
|  15|0x0000000082500000, 0x0000000082500000, 0x0000000082600000|  0%| F|  |TAMS 0x0000000082500000, 0x0000000082500000| Untracked 
|  16|0x0000000082600000, 0x0000000082600000, 0x0000000082700000|  0%| F|  |TAMS 0x0000000082600000, 0x0000000082600000| Untracked 
|  17|0x0000000082700000, 0x0000000082700000, 0x0000000082800000|  0%| F|  |TAMS 0x0000000082700000, 0x0000000082700000| Untracked 
|  18|0x0000000082800000, 0x0000000082800000, 0x0000000082900000|  0%| F|  |TAMS 0x0000000082800000, 0x0000000082800000| Untracked 
|  19|0x0000000082900000, 0x0000000082900000, 0x0000000082a00000|  0%| F|  |TAMS 0x0000000082900000, 0x0000000082900000| Untracked 
|  20|0x0000000082a00000, 0x0000000082a00000, 0x0000000082b00000|  0%| F|  |TAMS 0x0000000082a00000, 0x0000000082a00000| Untracked 
|  21|0x0000000082b00000, 0x0000000082b00000, 0x0000000082c00000|  0%| F|  |TAMS 0x0000000082b00000, 0x0000000082b00000| Untracked 
|  22|0x0000000082c00000, 0x0000000082c00000, 0x0000000082d00000|  0%| F|  |TAMS 0x0000000082c00000, 0x0000000082c00000| Untracked 
|  23|0x0000000082d00000, 0x0000000082d00000, 0x0000000082e00000|  0%| F|  |TAMS 0x0000000082d00000, 0x0000000082d00000| Untracked 
|  24|0x0000000082e00000, 0x0000000082e00000, 0x0000000082f00000|  0%| F|  |TAMS 0x0000000082e00000, 0x0000000082e00000| Untracked 
|  25|0x0000000082f00000, 0x0000000082f00000, 0x0000000083000000|  0%| F|  |TAMS 0x0000000082f00000, 0x0000000082f00000| Untracked 
|  26|0x0000000083000000, 0x0000000083000000, 0x0000000083100000|  0%| F|  |TAMS 0x0000000083000000, 0x0000000083000000| Untracked 
|  27|0x0000000083100000, 0x0000000083100000, 0x0000000083200000|  0%| F|  |TAMS 0x0000000083100000, 0x0000000083100000| Untracked 
|  28|0x0000000083200000, 0x0000000083200000, 0x0000000083300000|  0%| F|  |TAMS 0x0000000083200000, 0x0000000083200000| Untracked 
|  29|0x0000000083300000, 0x0000000083300000, 0x0000000083400000|  0%| F|  |TAMS 0x0000000083300000, 0x0000000083300000| Untracked 
|  30|0x0000000083400000, 0x0000000083400000, 0x0000000083500000|  0%| F|  |TAMS 0x0000000083400000, 0x0000000083400000| Untracked 
|  31|0x0000000083500000, 0x0000000083500000, 0x0000000083600000|  0%| F|  |TAMS 0x0000000083500000, 0x0000000083500000| Untracked 
|  32|0x0000000083600000, 0x0000000083600000, 0x0000000083700000|  0%| F|  |TAMS 0x0000000083600000, 0x0000000083600000| Untracked 
|  33|0x0000000083700000, 0x0000000083700000, 0x0000000083800000|  0%| F|  |TAMS 0x0000000083700000, 0x0000000083700000| Untracked 
|  34|0x0000000083800000, 0x0000000083800000, 0x0000000083900000|  0%| F|  |TAMS 0x0000000083800000, 0x0000000083800000| Untracked 
|  35|0x0000000083900000, 0x0000000083900000, 0x0000000083a00000|  0%| F|  |TAMS 0x0000000083900000, 0x0000000083900000| Untracked 
|  36|0x0000000083a00000, 0x0000000083a00000, 0x0000000083b00000|  0%| F|  |TAMS 0x0000000083a00000, 0x0000000083a00000| Untracked 
|  37|0x0000000083b00000, 0x0000000083b00000, 0x0000000083c00000|  0%| F|  |TAMS 0x0000000083b00000, 0x0000000083b00000| Untracked 
|  38|0x0000000083c00000, 0x0000000083c00000, 0x0000000083d00000|  0%| F|  |TAMS 0x0000000083c00000, 0x0000000083c00000| Untracked 
|  39|0x0000000083d00000, 0x0000000083d00000, 0x0000000083e00000|  0%| F|  |TAMS 0x0000000083d00000, 0x0000000083d00000| Untracked 
|  40|0x0000000083e00000, 0x0000000083e00000, 0x0000000083f00000|  0%| F|  |TAMS 0x0000000083e00000, 0x0000000083e00000| Untracked 
|  41|0x0000000083f00000, 0x0000000083f00000, 0x0000000084000000|  0%| F|  |TAMS 0x0000000083f00000, 0x0000000083f00000| Untracked 
|  42|0x0000000084000000, 0x0000000084000000, 0x0000000084100000|  0%| F|  |TAMS 0x0000000084000000, 0x0000000084000000| Untracked 
|  43|0x0000000084100000, 0x0000000084100000, 0x0000000084200000|  0%| F|  |TAMS 0x0000000084100000, 0x0000000084100000| Untracked 
|  44|0x0000000084200000, 0x0000000084200000, 0x0000000084300000|  0%| F|  |TAMS 0x0000000084200000, 0x0000000084200000| Untracked 
|  45|0x0000000084300000, 0x0000000084300000, 0x0000000084400000|  0%| F|  |TAMS 0x0000000084300000, 0x0000000084300000| Untracked 
|  46|0x0000000084400000, 0x0000000084400000, 0x0000000084500000|  0%| F|  |TAMS 0x0000000084400000, 0x0000000084400000| Untracked 
|  47|0x0000000084500000, 0x0000000084500000, 0x0000000084600000|  0%| F|  |TAMS 0x0000000084500000, 0x0000000084500000| Untracked 
|  48|0x0000000084600000, 0x0000000084600000, 0x0000000084700000|  0%| F|  |TAMS 0x0000000084600000, 0x0000000084600000| Untracked 
|  49|0x0000000084700000, 0x0000000084700000, 0x0000000084800000|  0%| F|  |TAMS 0x0000000084700000, 0x0000000084700000| Untracked 
|  50|0x0000000084800000, 0x0000000084800000, 0x0000000084900000|  0%| F|  |TAMS 0x0000000084800000, 0x0000000084800000| Untracked 
|  51|0x0000000084900000, 0x0000000084900000, 0x0000000084a00000|  0%| F|  |TAMS 0x0000000084900000, 0x0000000084900000| Untracked 
|  52|0x0000000084a00000, 0x0000000084a00000, 0x0000000084b00000|  0%| F|  |TAMS 0x0000000084a00000, 0x0000000084a00000| Untracked 
|  53|0x0000000084b00000, 0x0000000084b00000, 0x0000000084c00000|  0%| F|  |TAMS 0x0000000084b00000, 0x0000000084b00000| Untracked 
|  54|0x0000000084c00000, 0x0000000084c00000, 0x0000000084d00000|  0%| F|  |TAMS 0x0000000084c00000, 0x0000000084c00000| Untracked 
|  55|0x0000000084d00000, 0x0000000084d00000, 0x0000000084e00000|  0%| F|  |TAMS 0x0000000084d00000, 0x0000000084d00000| Untracked 
|  56|0x0000000084e00000, 0x0000000084e00000, 0x0000000084f00000|  0%| F|  |TAMS 0x0000000084e00000, 0x0000000084e00000| Untracked 
|  57|0x0000000084f00000, 0x0000000084f00000, 0x0000000085000000|  0%| F|  |TAMS 0x0000000084f00000, 0x0000000084f00000| Untracked 
|  58|0x0000000085000000, 0x0000000085000000, 0x0000000085100000|  0%| F|  |TAMS 0x0000000085000000, 0x0000000085000000| Untracked 
|  59|0x0000000085100000, 0x0000000085100000, 0x0000000085200000|  0%| F|  |TAMS 0x0000000085100000, 0x0000000085100000| Untracked 
|  60|0x0000000085200000, 0x0000000085200000, 0x0000000085300000|  0%| F|  |TAMS 0x0000000085200000, 0x0000000085200000| Untracked 
|  61|0x0000000085300000, 0x0000000085300000, 0x0000000085400000|  0%| F|  |TAMS 0x0000000085300000, 0x0000000085300000| Untracked 
|  62|0x0000000085400000, 0x0000000085400000, 0x0000000085500000|  0%| F|  |TAMS 0x0000000085400000, 0x0000000085400000| Untracked 
|  63|0x0000000085500000, 0x0000000085500000, 0x0000000085600000|  0%| F|  |TAMS 0x0000000085500000, 0x0000000085500000| Untracked 
|  64|0x0000000085600000, 0x0000000085600000, 0x0000000085700000|  0%| F|  |TAMS 0x0000000085600000, 0x0000000085600000| Untracked 
|  65|0x0000000085700000, 0x0000000085700000, 0x0000000085800000|  0%| F|  |TAMS 0x0000000085700000, 0x0000000085700000| Untracked 
|  66|0x0000000085800000, 0x0000000085800000, 0x0000000085900000|  0%| F|  |TAMS 0x0000000085800000, 0x0000000085800000| Untracked 
|  67|0x0000000085900000, 0x0000000085900000, 0x0000000085a00000|  0%| F|  |TAMS 0x0000000085900000, 0x0000000085900000| Untracked 
|  68|0x0000000085a00000, 0x0000000085a00000, 0x0000000085b00000|  0%| F|  |TAMS 0x0000000085a00000, 0x0000000085a00000| Untracked 
|  69|0x0000000085b00000, 0x0000000085b00000, 0x0000000085c00000|  0%| F|  |TAMS 0x0000000085b00000, 0x0000000085b00000| Untracked 
|  70|0x0000000085c00000, 0x0000000085c00000, 0x0000000085d00000|  0%| F|  |TAMS 0x0000000085c00000, 0x0000000085c00000| Untracked 
|  71|0x0000000085d00000, 0x0000000085d00000, 0x0000000085e00000|  0%| F|  |TAMS 0x0000000085d00000, 0x0000000085d00000| Untracked 
|  72|0x0000000085e00000, 0x0000000085e00000, 0x0000000085f00000|  0%| F|  |TAMS 0x0000000085e00000, 0x0000000085e00000| Untracked 
|  73|0x0000000085f00000, 0x0000000085f00000, 0x0000000086000000|  0%| F|  |TAMS 0x0000000085f00000, 0x0000000085f00000| Untracked 
|  74|0x0000000086000000, 0x0000000086000000, 0x0000000086100000|  0%| F|  |TAMS 0x0000000086000000, 0x0000000086000000| Untracked 
|  75|0x0000000086100000, 0x0000000086100000, 0x0000000086200000|  0%| F|  |TAMS 0x0000000086100000, 0x0000000086100000| Untracked 
|  76|0x0000000086200000, 0x0000000086200000, 0x0000000086300000|  0%| F|  |TAMS 0x0000000086200000, 0x0000000086200000| Untracked 
|  77|0x0000000086300000, 0x0000000086300000, 0x0000000086400000|  0%| F|  |TAMS 0x0000000086300000, 0x0000000086300000| Untracked 
|  78|0x0000000086400000, 0x0000000086400000, 0x0000000086500000|  0%| F|  |TAMS 0x0000000086400000, 0x0000000086400000| Untracked 
|  79|0x0000000086500000, 0x0000000086500000, 0x0000000086600000|  0%| F|  |TAMS 0x0000000086500000, 0x0000000086500000| Untracked 
|  80|0x0000000086600000, 0x0000000086600000, 0x0000000086700000|  0%| F|  |TAMS 0x0000000086600000, 0x0000000086600000| Untracked 
|  81|0x0000000086700000, 0x0000000086700000, 0x0000000086800000|  0%| F|  |TAMS 0x0000000086700000, 0x0000000086700000| Untracked 
|  82|0x0000000086800000, 0x0000000086800000, 0x0000000086900000|  0%| F|  |TAMS 0x0000000086800000, 0x0000000086800000| Untracked 
|  83|0x0000000086900000, 0x0000000086900000, 0x0000000086a00000|  0%| F|  |TAMS 0x0000000086900000, 0x0000000086900000| Untracked 
|  84|0x0000000086a00000, 0x0000000086a00000, 0x0000000086b00000|  0%| F|  |TAMS 0x0000000086a00000, 0x0000000086a00000| Untracked 
|  85|0x0000000086b00000, 0x0000000086b00000, 0x0000000086c00000|  0%| F|  |TAMS 0x0000000086b00000, 0x0000000086b00000| Untracked 
|  86|0x0000000086c00000, 0x0000000086c00000, 0x0000000086d00000|  0%| F|  |TAMS 0x0000000086c00000, 0x0000000086c00000| Untracked 
|  87|0x0000000086d00000, 0x0000000086d00000, 0x0000000086e00000|  0%| F|  |TAMS 0x0000000086d00000, 0x0000000086d00000| Untracked 
|  88|0x0000000086e00000, 0x0000000086e00000, 0x0000000086f00000|  0%| F|  |TAMS 0x0000000086e00000, 0x0000000086e00000| Untracked 
|  89|0x0000000086f00000, 0x0000000086f00000, 0x0000000087000000|  0%| F|  |TAMS 0x0000000086f00000, 0x0000000086f00000| Untracked 
|  90|0x0000000087000000, 0x0000000087000000, 0x0000000087100000|  0%| F|  |TAMS 0x0000000087000000, 0x0000000087000000| Untracked 
|  91|0x0000000087100000, 0x0000000087100000, 0x0000000087200000|  0%| F|  |TAMS 0x0000000087100000, 0x0000000087100000| Untracked 
|  92|0x0000000087200000, 0x0000000087200000, 0x0000000087300000|  0%| F|  |TAMS 0x0000000087200000, 0x0000000087200000| Untracked 
|  93|0x0000000087300000, 0x0000000087300000, 0x0000000087400000|  0%| F|  |TAMS 0x0000000087300000, 0x0000000087300000| Untracked 
|  94|0x0000000087400000, 0x0000000087400000, 0x0000000087500000|  0%| F|  |TAMS 0x0000000087400000, 0x0000000087400000| Untracked 
|  95|0x0000000087500000, 0x0000000087500000, 0x0000000087600000|  0%| F|  |TAMS 0x0000000087500000, 0x0000000087500000| Untracked 
|  96|0x0000000087600000, 0x0000000087600000, 0x0000000087700000|  0%| F|  |TAMS 0x0000000087600000, 0x0000000087600000| Untracked 
|  97|0x0000000087700000, 0x0000000087700000, 0x0000000087800000|  0%| F|  |TAMS 0x0000000087700000, 0x0000000087700000| Untracked 
|  98|0x0000000087800000, 0x0000000087800000, 0x0000000087900000|  0%| F|  |TAMS 0x0000000087800000, 0x0000000087800000| Untracked 
|  99|0x0000000087900000, 0x0000000087900000, 0x0000000087a00000|  0%| F|  |TAMS 0x0000000087900000, 0x0000000087900000| Untracked 
| 100|0x0000000087a00000, 0x0000000087a00000, 0x0000000087b00000|  0%| F|  |TAMS 0x0000000087a00000, 0x0000000087a00000| Untracked 
| 101|0x0000000087b00000, 0x0000000087b00000, 0x0000000087c00000|  0%| F|  |TAMS 0x0000000087b00000, 0x0000000087b00000| Untracked 
| 102|0x0000000087c00000, 0x0000000087c00000, 0x0000000087d00000|  0%| F|  |TAMS 0x0000000087c00000, 0x0000000087c00000| Untracked 
| 103|0x0000000087d00000, 0x0000000087d00000, 0x0000000087e00000|  0%| F|  |TAMS 0x0000000087d00000, 0x0000000087d00000| Untracked 
| 104|0x0000000087e00000, 0x0000000087e00000, 0x0000000087f00000|  0%| F|  |TAMS 0x0000000087e00000, 0x0000000087e00000| Untracked 
| 105|0x0000000087f00000, 0x0000000087f00000, 0x0000000088000000|  0%| F|  |TAMS 0x0000000087f00000, 0x0000000087f00000| Untracked 
| 106|0x0000000088000000, 0x0000000088100000, 0x0000000088100000|100%| E|  |TAMS 0x0000000088000000, 0x0000000088000000| Complete 
| 107|0x0000000088100000, 0x000000008815e5c0, 0x0000000088200000| 36%| S|CS|TAMS 0x0000000088100000, 0x0000000088100000| Complete 
| 108|0x0000000088200000, 0x0000000088300000, 0x0000000088300000|100%| S|CS|TAMS 0x0000000088200000, 0x0000000088200000| Complete 
| 109|0x0000000088300000, 0x0000000088400000, 0x0000000088400000|100%| E|CS|TAMS 0x0000000088300000, 0x0000000088300000| Complete 
| 110|0x0000000088400000, 0x0000000088500000, 0x0000000088500000|100%| E|CS|TAMS 0x0000000088400000, 0x0000000088400000| Complete 
| 111|0x0000000088500000, 0x0000000088600000, 0x0000000088600000|100%| E|CS|TAMS 0x0000000088500000, 0x0000000088500000| Complete 
| 112|0x0000000088600000, 0x0000000088700000, 0x0000000088700000|100%| E|CS|TAMS 0x0000000088600000, 0x0000000088600000| Complete 
| 113|0x0000000088700000, 0x0000000088800000, 0x0000000088800000|100%| E|CS|TAMS 0x0000000088700000, 0x0000000088700000| Complete 
| 114|0x0000000088800000, 0x0000000088900000, 0x0000000088900000|100%| E|CS|TAMS 0x0000000088800000, 0x0000000088800000| Complete 
| 115|0x0000000088900000, 0x0000000088a00000, 0x0000000088a00000|100%| E|CS|TAMS 0x0000000088900000, 0x0000000088900000| Complete 
| 116|0x0000000088a00000, 0x0000000088b00000, 0x0000000088b00000|100%| E|CS|TAMS 0x0000000088a00000, 0x0000000088a00000| Complete 
| 117|0x0000000088b00000, 0x0000000088c00000, 0x0000000088c00000|100%| E|CS|TAMS 0x0000000088b00000, 0x0000000088b00000| Complete 
| 118|0x0000000088c00000, 0x0000000088d00000, 0x0000000088d00000|100%| E|CS|TAMS 0x0000000088c00000, 0x0000000088c00000| Complete 
| 119|0x0000000088d00000, 0x0000000088e00000, 0x0000000088e00000|100%| E|CS|TAMS 0x0000000088d00000, 0x0000000088d00000| Complete 
| 120|0x0000000088e00000, 0x0000000088f00000, 0x0000000088f00000|100%| E|CS|TAMS 0x0000000088e00000, 0x0000000088e00000| Complete 
| 121|0x0000000088f00000, 0x0000000089000000, 0x0000000089000000|100%| E|CS|TAMS 0x0000000088f00000, 0x0000000088f00000| Complete 
| 122|0x0000000089000000, 0x0000000089100000, 0x0000000089100000|100%| E|CS|TAMS 0x0000000089000000, 0x0000000089000000| Complete 
| 123|0x0000000089100000, 0x0000000089200000, 0x0000000089200000|100%| E|CS|TAMS 0x0000000089100000, 0x0000000089100000| Complete 
| 124|0x0000000089200000, 0x0000000089300000, 0x0000000089300000|100%| E|CS|TAMS 0x0000000089200000, 0x0000000089200000| Complete 
| 125|0x0000000089300000, 0x0000000089400000, 0x0000000089400000|100%| E|CS|TAMS 0x0000000089300000, 0x0000000089300000| Complete 
| 126|0x0000000089400000, 0x0000000089500000, 0x0000000089500000|100%| E|CS|TAMS 0x0000000089400000, 0x0000000089400000| Complete 
| 127|0x0000000089500000, 0x0000000089600000, 0x0000000089600000|100%| E|CS|TAMS 0x0000000089500000, 0x0000000089500000| Complete 

Card table byte_map: [0x0000021ce9dd0000,0x0000021cea1d0000] _byte_map_base: 0x0000021ce99c5000

Marking Bits (Prev, Next): (CMBitMap*) 0x0000021cd22f0dc8, (CMBitMap*) 0x0000021cd22f0e00
 Prev Bits: [0x0000021cea5d0000, 0x0000021cec578000)
 Next Bits: [0x0000021cec580000, 0x0000021cee528000)

Polling page: 0x0000021cd0190000

Metaspace:

Usage:
  Non-class:     14.58 MB capacity,    14.36 MB ( 98%) used,   195.55 KB (  1%) free+waste,    28.75 KB ( <1%) overhead. 
      Class:      1.71 MB capacity,     1.60 MB ( 94%) used,    96.28 KB (  6%) free+waste,    12.88 KB ( <1%) overhead. 
       Both:     16.29 MB capacity,    15.96 MB ( 98%) used,   291.83 KB (  2%) free+waste,    41.63 KB ( <1%) overhead. 

Virtual space:
  Non-class space:       16.00 MB reserved,      14.75 MB ( 92%) committed 
      Class space:        1.00 GB reserved,       1.75 MB ( <1%) committed 
             Both:        1.02 GB reserved,      16.50 MB (  2%) committed 

Chunk freelists:
   Non-Class:  44.00 KB
       Class:  14.00 KB
        Both:  58.00 KB

MaxMetaspaceSize: 17179869184.00 GB
CompressedClassSpaceSize: 1.00 GB
Initial GC threshold: 20.80 MB
Current GC threshold: 20.80 MB
CDS: off

CodeHeap 'non-profiled nmethods': size=120064Kb used=618Kb max_used=618Kb free=119446Kb
 bounds [0x0000021ce2490000, 0x0000021ce2700000, 0x0000021ce99d0000]
CodeHeap 'profiled nmethods': size=120000Kb used=2763Kb max_used=2763Kb free=117236Kb
 bounds [0x0000021cdaf60000, 0x0000021cdb220000, 0x0000021ce2490000]
CodeHeap 'non-nmethods': size=5696Kb used=1141Kb max_used=1161Kb free=4554Kb
 bounds [0x0000021cda9d0000, 0x0000021cdac40000, 0x0000021cdaf60000]
 total_blobs=1804 nmethods=1408 adapters=309
 compilation: enabled
              stopped_count=0, restarted_count=0
 full_count=0

Compilation events (20 events):
Event: 9.674 Thread 0x0000021cf0a4d000 nmethod 1399 0x0000021cdb203490 code [0x0000021cdb2036a0, 0x0000021cdb203b68]
Event: 9.703 Thread 0x0000021cf0a4d000 1400       3       org.springframework.core.annotation.AnnotationUtils::isInJavaLangAnnotationPackage (22 bytes)
Event: 9.704 Thread 0x0000021cf0a4d000 nmethod 1400 0x0000021cdb203d90 code [0x0000021cdb203f60, 0x0000021cdb204128]
Event: 9.704 Thread 0x0000021cf0a4d000 1402       3       org.springframework.test.context.TestContextAnnotationUtils::findAnnotationDescriptor (256 bytes)
Event: 9.716 Thread 0x0000021cf0a4d000 nmethod 1402 0x0000021cdb204210 code [0x0000021cdb2046a0, 0x0000021cdb206618]
Event: 9.717 Thread 0x0000021cf0a4d000 1401       3       org.springframework.core.annotation.MergedAnnotations::from (9 bytes)
Event: 9.719 Thread 0x0000021cf0a4d000 nmethod 1401 0x0000021cdb207190 code [0x0000021cdb2073c0, 0x0000021cdb2079a8]
Event: 9.726 Thread 0x0000021cf2414000 1350       4       sun.reflect.generics.parser.SignatureParser::current (59 bytes)
Event: 9.734 Thread 0x0000021cf2414000 nmethod 1350 0x0000021ce2529210 code [0x0000021ce25293c0, 0x0000021ce25294a8]
Event: 9.734 Thread 0x0000021cf2414000 1403       4       java.lang.AbstractStringBuilder::isLatin1 (19 bytes)
Event: 9.736 Thread 0x0000021cf2414000 nmethod 1403 0x0000021ce2529610 code [0x0000021ce25297a0, 0x0000021ce2529818]
Event: 9.736 Thread 0x0000021cf2414000 1347       4       java.util.AbstractSet::<init> (5 bytes)
Event: 9.737 Thread 0x0000021cf2414000 nmethod 1347 0x0000021ce2529910 code [0x0000021ce2529aa0, 0x0000021ce2529af8]
Event: 9.737 Thread 0x0000021cf2414000 1386       4       java.lang.ref.Reference::<init> (25 bytes)
Event: 9.748 Thread 0x0000021cf2414000 nmethod 1386 0x0000021ce2529c10 code [0x0000021ce2529da0, 0x0000021ce2529f98]
Event: 9.779 Thread 0x0000021cf2414000 1404       4       java.io.WinNTFileSystem::normalize (143 bytes)
Event: 9.957 Thread 0x0000021cf0a4d000 1407       3       jdk.internal.reflect.NativeConstructorAccessorImpl::newInstance (89 bytes)
Event: 9.965 Thread 0x0000021cf0a4d000 nmethod 1407 0x0000021cdb207c10 code [0x0000021cdb207ec0, 0x0000021cdb208d38]
Event: 9.968 Thread 0x0000021cf0a4d000 1409       3       java.util.concurrent.CopyOnWriteArrayList::get (9 bytes)
Event: 9.969 Thread 0x0000021cf0a4d000 nmethod 1409 0x0000021cdb209210 code [0x0000021cdb2093c0, 0x0000021cdb209558]

GC Heap History (6 events):
Event: 4.201 GC heap before
{Heap before GC invocations=0 (full 0):
 garbage-first heap   total 131072K, used 13312K [0x0000000081600000, 0x0000000100000000)
  region size 1024K, 14 young (14336K), 0 survivors (0K)
 Metaspace       used 8267K, capacity 8338K, committed 8576K, reserved 1056768K
  class space    used 737K, capacity 775K, committed 896K, reserved 1048576K
}
Event: 4.224 GC heap after
{Heap after GC invocations=1 (full 0):
 garbage-first heap   total 131072K, used 6157K [0x0000000081600000, 0x0000000100000000)
  region size 1024K, 2 young (2048K), 2 survivors (2048K)
 Metaspace       used 8267K, capacity 8338K, committed 8576K, reserved 1056768K
  class space    used 737K, capacity 775K, committed 896K, reserved 1048576K
}
Event: 5.332 GC heap before
{Heap before GC invocations=1 (full 0):
 garbage-first heap   total 131072K, used 13325K [0x0000000081600000, 0x0000000100000000)
  region size 1024K, 9 young (9216K), 2 survivors (2048K)
 Metaspace       used 10308K, capacity 10487K, committed 10752K, reserved 1058816K
  class space    used 941K, capacity 983K, committed 1024K, reserved 1048576K
}
Event: 5.348 GC heap after
{Heap after GC invocations=2 (full 0):
 garbage-first heap   total 131072K, used 6946K [0x0000000081600000, 0x0000000100000000)
  region size 1024K, 1 young (1024K), 1 survivors (1024K)
 Metaspace       used 10308K, capacity 10487K, committed 10752K, reserved 1058816K
  class space    used 941K, capacity 983K, committed 1024K, reserved 1048576K
}
Event: 7.812 GC heap before
{Heap before GC invocations=2 (full 0):
 garbage-first heap   total 131072K, used 25378K [0x0000000081600000, 0x0000000100000000)
  region size 1024K, 19 young (19456K), 1 survivors (1024K)
 Metaspace       used 13068K, capacity 13313K, committed 13440K, reserved 1060864K
  class space    used 1269K, capacity 1352K, committed 1408K, reserved 1048576K
}
Event: 7.825 GC heap after
{Heap after GC invocations=3 (full 0):
 garbage-first heap   total 131072K, used 7530K [0x0000000081600000, 0x0000000100000000)
  region size 1024K, 2 young (2048K), 2 survivors (2048K)
 Metaspace       used 13068K, capacity 13313K, committed 13440K, reserved 1060864K
  class space    used 1269K, capacity 1352K, committed 1408K, reserved 1048576K
}

Deoptimization events (20 events):
Event: 7.961 Thread 0x0000021cd22af800 DEOPT PACKING pc=0x0000021ce24d9b0c sp=0x0000009974ffc950
Event: 7.962 Thread 0x0000021cd22af800 DEOPT UNPACKING pc=0x0000021cdaa1a1af sp=0x0000009974ffc898 mode 2
Event: 8.110 Thread 0x0000021cd22af800 DEOPT PACKING pc=0x0000021cdb1c3368 sp=0x0000009974ffa6a0
Event: 8.111 Thread 0x0000021cd22af800 DEOPT UNPACKING pc=0x0000021cdaa1a95e sp=0x0000009974ff9ba8 mode 0
Event: 8.524 Thread 0x0000021cd22af800 DEOPT PACKING pc=0x0000021cdb1c3368 sp=0x0000009974ffc3b0
Event: 8.524 Thread 0x0000021cd22af800 DEOPT UNPACKING pc=0x0000021cdaa1a95e sp=0x0000009974ffb8b8 mode 0
Event: 8.753 Thread 0x0000021cd22af800 Uncommon trap: trap_request=0xffffff4d fr.pc=0x0000021ce24ebbd0 relative=0x0000000000000090
Event: 8.753 Thread 0x0000021cd22af800 Uncommon trap: reason=unstable_if action=reinterpret pc=0x0000021ce24ebbd0 method=sun.reflect.generics.parser.SignatureParser.current()C @ 39 c2
Event: 8.753 Thread 0x0000021cd22af800 DEOPT PACKING pc=0x0000021ce24ebbd0 sp=0x0000009974ffc6a0
Event: 8.753 Thread 0x0000021cd22af800 DEOPT UNPACKING pc=0x0000021cdaa1a1af sp=0x0000009974ffc638 mode 2
Event: 8.763 Thread 0x0000021cd22af800 DEOPT PACKING pc=0x0000021cdb1c3368 sp=0x0000009974ffc940
Event: 8.763 Thread 0x0000021cd22af800 DEOPT UNPACKING pc=0x0000021cdaa1a95e sp=0x0000009974ffbe48 mode 0
Event: 8.932 Thread 0x0000021cd22af800 DEOPT PACKING pc=0x0000021cdb1c3368 sp=0x0000009974ffc960
Event: 8.932 Thread 0x0000021cd22af800 DEOPT UNPACKING pc=0x0000021cdaa1a95e sp=0x0000009974ffbe68 mode 0
Event: 9.181 Thread 0x0000021cd22af800 DEOPT PACKING pc=0x0000021cdb1c3368 sp=0x0000009974ffc990
Event: 9.181 Thread 0x0000021cd22af800 DEOPT UNPACKING pc=0x0000021cdaa1a95e sp=0x0000009974ffbe98 mode 0
Event: 9.467 Thread 0x0000021cd22af800 DEOPT PACKING pc=0x0000021cdb1c3368 sp=0x0000009974ffca70
Event: 9.467 Thread 0x0000021cd22af800 DEOPT UNPACKING pc=0x0000021cdaa1a95e sp=0x0000009974ffbf78 mode 0
Event: 9.779 Thread 0x0000021cd22af800 DEOPT PACKING pc=0x0000021cdb1c3368 sp=0x0000009974ffcfb0
Event: 9.818 Thread 0x0000021cd22af800 DEOPT UNPACKING pc=0x0000021cdaa1a95e sp=0x0000009974ffc4b8 mode 0

Classes redefined (0 events):
No events

Internal exceptions (16 events):
Event: 3.663 Thread 0x0000021cd22af800 Exception <a 'java/io/FileNotFoundException'{0x0000000088ba00a8}> (0x0000000088ba00a8) thrown at [./src/hotspot/share/prims/jni.cpp, line 616]
Event: 4.811 Thread 0x0000021cd22af800 Exception <a 'java/lang/ClassNotFoundException'{0x00000000892625d8}: javax/smartcardio/CardPermission> (0x00000000892625d8) thrown at [./src/hotspot/share/classfile/systemDictionary.cpp, line 231]
Event: 4.827 Thread 0x0000021cd22af800 Exception <a 'java/io/FileNotFoundException'{0x00000000892709f0}> (0x00000000892709f0) thrown at [./src/hotspot/share/prims/jni.cpp, line 616]
Event: 5.260 Thread 0x0000021cd22af800 Exception <a 'java/lang/NoSuchMethodError'{0x0000000088f36168}: 'int java.lang.invoke.DirectMethodHandle$Holder.invokeStaticInit(java.lang.Object, java.lang.Object)'> (0x0000000088f36168) thrown at [./src/hotspot/share/interpreter/linkResolver.cpp, line 773]
Event: 5.968 Thread 0x0000021cd22af800 Exception <a 'java/lang/NoSuchMethodError'{0x00000000892727f0}: 'org.slf4j.impl.StaticMDCBinder org.slf4j.impl.StaticMDCBinder.getSingleton()'> (0x00000000892727f0) thrown at [./src/hotspot/share/interpreter/linkResolver.cpp, line 773]
Event: 6.288 Thread 0x0000021cd22af800 Exception <a 'java/lang/NoSuchMethodError'{0x0000000088f4c900}: 'int java.lang.invoke.DirectMethodHandle$Holder.invokeStaticInit(java.lang.Object, java.lang.Object, java.lang.Object)'> (0x0000000088f4c900) thrown at [./src/hotspot/share/interpreter/linkResolver.cpp, line 773]
Event: 6.355 Thread 0x0000021cd22af800 Exception <a 'java/lang/NoSuchMethodError'{0x0000000088d167b0}: 'java.lang.Object java.lang.invoke.DirectMethodHandle$Holder.invokeVirtual(java.lang.Object, java.lang.Object, java.lang.Object)'> (0x0000000088d167b0) thrown at [./src/hotspot/share/interpreter/linkResolver.cpp, line 773]
Event: 6.382 Thread 0x0000021cd22af800 Exception <a 'java/lang/NoSuchMethodError'{0x0000000088d5fa90}: 'void java.lang.invoke.DirectMethodHandle$Holder.invokeSpecial(java.lang.Object, java.lang.Object)'> (0x0000000088d5fa90) thrown at [./src/hotspot/share/interpreter/linkResolver.cpp, line 773]
Event: 6.551 Thread 0x0000021cd22af800 Exception <a 'java/lang/NoSuchMethodError'{0x0000000088ca5228}: 'int java.lang.invoke.DirectMethodHandle$Holder.invokeInterface(java.lang.Object, java.lang.Object)'> (0x0000000088ca5228) thrown at [./src/hotspot/share/interpreter/linkResolver.cpp, line 773]
Event: 7.024 Thread 0x0000021cd22af800 Exception <a 'java/lang/NoSuchMethodError'{0x00000000889d72a8}: 'java.lang.Object java.lang.invoke.DirectMethodHandle$Holder.invokeSpecialIFC(java.lang.Object, java.lang.Object, java.lang.Object, java.lang.Object)'> (0x00000000889d72a8) thrown at [./src/hotspot/share/interpreter/linkResolver.cpp, line 773]
Event: 7.512 Thread 0x0000021cd22af800 Exception <a 'java/lang/NoSuchMethodError'{0x0000000088587ed0}: 'int java.lang.invoke.DirectMethodHandle$Holder.invokeSpecialIFC(java.lang.Object, java.lang.Object, int)'> (0x0000000088587ed0) thrown at [./src/hotspot/share/interpreter/linkResolver.cpp, line 773]
Event: 7.559 Thread 0x0000021cd22af800 Exception <a 'java/lang/NoSuchMethodError'{0x00000000885d4870}: 'void java.lang.invoke.DirectMethodHandle$Holder.invokeStatic(java.lang.Object, java.lang.Object, java.lang.Object, java.lang.Object, java.lang.Object)'> (0x00000000885d4870) thrown at [./src/hotspot/share/interpreter/linkResolver.cpp, line 773]
Event: 7.603 Thread 0x0000021cd22af800 Exception <a 'java/lang/NoSuchMethodError'{0x0000000088427a68}: 'void java.lang.invoke.DirectMethodHandle$Holder.invokeStatic(java.lang.Object, java.lang.Object, java.lang.Object, java.lang.Object)'> (0x0000000088427a68) thrown at [./src/hotspot/share/interpreter/linkResolver.cpp, line 773]
Event: 8.557 Thread 0x0000021cd22af800 Exception <a 'java/lang/NoSuchMethodError'{0x00000000891824d0}: 'void java.lang.invoke.DirectMethodHandle$Holder.invokeVirtual(java.lang.Object, java.lang.Object, java.lang.Object, java.lang.Object)'> (0x00000000891824d0) thrown at [./src/hotspot/share/interpreter/linkResolver.cpp, line 773]
Event: 9.625 Thread 0x0000021cd22af800 Exception <a 'java/lang/NoSuchMethodError'{0x00000000886e8da0}: 'java.lang.Object java.lang.invoke.Invokers$Holder.linkToTargetMethod(java.lang.Object, java.lang.Object, java.lang.Object, java.lang.Object, java.lang.Object, java.lang.Object)'> (0x00000000886e8da0) thrown at [./src/hotspot/share/interpreter/linkResolver.cpp, line 773]
Event: 9.876 Thread 0x0000021cd22af800 Exception <a 'java/lang/NoClassDefFoundError'{0x000000008836d368}: javax/servlet/ServletContext> (0x000000008836d368) thrown at [./src/hotspot/share/classfile/systemDictionary.cpp, line 220]

Events (20 events):
Event: 9.930 loading class java/util/EventListener
Event: 9.930 loading class java/util/EventListener done
Event: 9.935 loading class org/springframework/core/Conventions
Event: 9.935 loading class org/springframework/core/Conventions done
Event: 9.958 loading class org/springframework/transaction/interceptor/TransactionAttributeSource
Event: 9.958 loading class org/springframework/transaction/interceptor/TransactionAttributeSource done
Event: 9.962 loading class org/springframework/transaction/TransactionDefinition
Event: 9.962 loading class org/springframework/transaction/TransactionDefinition done
Event: 9.969 loading class org/springframework/test/context/transaction/TransactionalTestExecutionListener$1
Event: 9.969 loading class org/springframework/test/context/transaction/TransactionalTestExecutionListener$1 done
Event: 9.971 loading class org/springframework/transaction/annotation/AnnotationTransactionAttributeSource
Event: 9.971 loading class org/springframework/transaction/annotation/AnnotationTransactionAttributeSource done
Event: 9.975 loading class org/springframework/transaction/interceptor/AbstractFallbackTransactionAttributeSource
Event: 9.975 loading class org/springframework/transaction/interceptor/AbstractFallbackTransactionAttributeSource done
Event: 9.988 loading class org/springframework/transaction/interceptor/TransactionAttribute
Event: 9.988 loading class org/springframework/transaction/interceptor/TransactionAttribute done
Event: 10.004 loading class org/springframework/transaction/interceptor/AbstractFallbackTransactionAttributeSource$1
Event: 10.004 loading class org/springframework/transaction/interceptor/AbstractFallbackTransactionAttributeSource$1 done
Event: 10.006 loading class org/springframework/transaction/interceptor/DefaultTransactionAttribute
Event: 10.006 loading class org/springframework/transaction/interceptor/DefaultTransactionAttribute done


Dynamic libraries:
0x00007ff6ff570000 - 0x00007ff6ff57d000 	C:\Users\Desktop\.jdks\corretto-11.0.13\bin\java.exe
0x00007ffcc7430000 - 0x00007ffcc7625000 	C:\WINDOWS\SYSTEM32\ntdll.dll
0x00007ffcc5480000 - 0x00007ffcc553e000 	C:\WINDOWS\System32\KERNEL32.DLL
0x00007ffcc5070000 - 0x00007ffcc5338000 	C:\WINDOWS\System32\KERNELBASE.dll
0x00007ffcc4f40000 - 0x00007ffcc5040000 	C:\WINDOWS\System32\ucrtbase.dll
0x00007ffcc2a90000 - 0x00007ffcc2aa7000 	C:\Users\Desktop\.jdks\corretto-11.0.13\bin\jli.dll
0x00007ffca7c60000 - 0x00007ffca7c79000 	C:\Users\Desktop\.jdks\corretto-11.0.13\bin\VCRUNTIME140.dll
0x00007ffcc6f10000 - 0x00007ffcc70b1000 	C:\WINDOWS\System32\USER32.dll
0x00007ffcc5450000 - 0x00007ffcc5472000 	C:\WINDOWS\System32\win32u.dll
0x00007ffcc3e30000 - 0x00007ffcc40ca000 	C:\WINDOWS\WinSxS\amd64_microsoft.windows.common-controls_6595b64144ccf1df_6.0.19041.1110_none_60b5254171f9507e\COMCTL32.dll
0x00007ffcc73c0000 - 0x00007ffcc73eb000 	C:\WINDOWS\System32\GDI32.dll
0x00007ffcc6140000 - 0x00007ffcc61de000 	C:\WINDOWS\System32\msvcrt.dll
0x00007ffcc4b50000 - 0x00007ffcc4c5b000 	C:\WINDOWS\System32\gdi32full.dll
0x00007ffcc4c60000 - 0x00007ffcc4cfd000 	C:\WINDOWS\System32\msvcp_win.dll
0x00007ffcc7260000 - 0x00007ffcc7290000 	C:\WINDOWS\System32\IMM32.DLL
0x00007ffc976d0000 - 0x00007ffc9776b000 	C:\Users\Desktop\.jdks\corretto-11.0.13\bin\msvcp140.dll
0x00007ffc64c80000 - 0x00007ffc657ff000 	C:\Users\Desktop\.jdks\corretto-11.0.13\bin\server\jvm.dll
0x00007ffcc6d80000 - 0x00007ffcc6e2c000 	C:\WINDOWS\System32\ADVAPI32.dll
0x00007ffcc6760000 - 0x00007ffcc67fb000 	C:\WINDOWS\System32\sechost.dll
0x00007ffcc7290000 - 0x00007ffcc73ba000 	C:\WINDOWS\System32\RPCRT4.dll
0x00007ffcc7250000 - 0x00007ffcc7258000 	C:\WINDOWS\System32\PSAPI.DLL
0x00007ffcb0fd0000 - 0x00007ffcb0ff7000 	C:\WINDOWS\SYSTEM32\WINMM.dll
0x00007ffcc08e0000 - 0x00007ffcc08e9000 	C:\WINDOWS\SYSTEM32\WSOCK32.dll
0x00007ffcc70c0000 - 0x00007ffcc712b000 	C:\WINDOWS\System32\WS2_32.dll
0x00007ffcc1cc0000 - 0x00007ffcc1cca000 	C:\WINDOWS\SYSTEM32\VERSION.dll
0x00007ffcc1c10000 - 0x00007ffcc1c22000 	C:\WINDOWS\SYSTEM32\kernel.appcore.dll
0x00007ffcbe7b0000 - 0x00007ffcbe7c0000 	C:\Users\Desktop\.jdks\corretto-11.0.13\bin\verify.dll
0x00007ffcc4470000 - 0x00007ffcc4654000 	C:\WINDOWS\SYSTEM32\DBGHELP.DLL
0x00007ffcc4420000 - 0x00007ffcc444c000 	C:\WINDOWS\SYSTEM32\dbgcore.DLL
0x00007ffcc4d00000 - 0x00007ffcc4d83000 	C:\WINDOWS\System32\bcryptPrimitives.dll
0x00007ffc9fe70000 - 0x00007ffc9fe98000 	C:\Users\Desktop\.jdks\corretto-11.0.13\bin\java.dll
0x00007ffcb3600000 - 0x00007ffcb360a000 	C:\Users\Desktop\.jdks\corretto-11.0.13\bin\jimage.dll
0x00007ffcb0fc0000 - 0x00007ffcb0fce000 	C:\Users\Desktop\.jdks\corretto-11.0.13\bin\instrument.dll
0x00007ffca7c20000 - 0x00007ffca7c37000 	C:\Users\Desktop\.jdks\corretto-11.0.13\bin\zip.dll
0x00007ffcc5730000 - 0x00007ffcc5e6f000 	C:\WINDOWS\System32\SHELL32.dll
0x00007ffcc1e30000 - 0x00007ffcc25c0000 	C:\WINDOWS\SYSTEM32\windows.storage.dll
0x00007ffcc61e0000 - 0x00007ffcc6535000 	C:\WINDOWS\System32\combase.dll
0x00007ffcc3d90000 - 0x00007ffcc3dbe000 	C:\WINDOWS\SYSTEM32\Wldp.dll
0x00007ffcc5550000 - 0x00007ffcc55fd000 	C:\WINDOWS\System32\SHCORE.dll
0x00007ffcc60e0000 - 0x00007ffcc6135000 	C:\WINDOWS\System32\shlwapi.dll
0x00007ffcc4a90000 - 0x00007ffcc4aaf000 	C:\WINDOWS\SYSTEM32\profapi.dll
0x00007ffca1c80000 - 0x00007ffca1c99000 	C:\Users\Desktop\.jdks\corretto-11.0.13\bin\net.dll
0x00007ffcbbef0000 - 0x00007ffcbbffc000 	C:\WINDOWS\SYSTEM32\WINHTTP.dll
0x00007ffcc3ca0000 - 0x00007ffcc3d0a000 	C:\WINDOWS\system32\mswsock.dll
0x00007ffc9bed0000 - 0x00007ffc9bee2000 	C:\Users\Desktop\.jdks\corretto-11.0.13\bin\nio.dll
0x00007ffc9beb0000 - 0x00007ffc9beca000 	C:\Program Files\JetBrains\IntelliJ IDEA 2021.2.3\bin\breakgen64.dll

dbghelp: loaded successfully - version: 4.0.5 - missing functions: none
symbol engine: initialized successfully - sym options: 0x614 - pdb path: .;C:\Users\Desktop\.jdks\corretto-11.0.13\bin;C:\WINDOWS\SYSTEM32;C:\WINDOWS\WinSxS\amd64_microsoft.windows.common-controls_6595b64144ccf1df_6.0.19041.1110_none_60b5254171f9507e;C:\Users\Desktop\.jdks\corretto-11.0.13\bin\server;C:\Program Files\JetBrains\IntelliJ IDEA 2021.2.3\bin

VM Arguments:
jvm_args: -ea -Didea.test.cyclic.buffer.size=1048576 -javaagent:C:\Program Files\JetBrains\IntelliJ IDEA 2021.2.3\lib\idea_rt.jar=53780:C:\Program Files\JetBrains\IntelliJ IDEA 2021.2.3\bin -Dfile.encoding=UTF-8 
java_command: com.intellij.rt.junit.JUnitStarter -ideVersion5 -junit4 com.digitalinovationone.heroes.api.ApplicationTests
java_class_path (initial): C:\Program Files\JetBrains\IntelliJ IDEA 2021.2.3\lib\idea_rt.jar;C:\Program Files\JetBrains\IntelliJ IDEA 2021.2.3\plugins\junit\lib\junit5-rt.jar;C:\Program Files\JetBrains\IntelliJ IDEA 2021.2.3\plugins\junit\lib\junit-rt.jar;C:\Users\Desktop\Documents\Projetos\heroes.api\target\test-classes;C:\Users\Desktop\Documents\Projetos\heroes.api\target\classes;C:\Users\Desktop\.m2\repository\org\springframework\boot\spring-boot-starter-webflux\2.6.1\spring-boot-starter-webflux-2.6.1.jar;C:\Users\Desktop\.m2\repository\org\springframework\boot\spring-boot-starter\2.6.1\spring-boot-starter-2.6.1.jar;C:\Users\Desktop\.m2\repository\org\springframework\boot\spring-boot\2.6.1\spring-boot-2.6.1.jar;C:\Users\Desktop\.m2\repository\org\springframework\boot\spring-boot-autoconfigure\2.6.1\spring-boot-autoconfigure-2.6.1.jar;C:\Users\Desktop\.m2\repository\org\springframework\boot\spring-boot-starter-logging\2.6.1\spring-boot-starter-logging-2.6.1.jar;C:\Users\Desktop\.m2\repository\ch\qos\logback\logback-classic\1.2.7\logback-classic-1.2.7.jar;C:\Users\Desktop\.m2\repository\ch\qos\logback\logback-core\1.2.7\logback-core-1.2.7.jar;C:\Users\Desktop\.m2\repository\org\apache\logging\log4j\log4j-to-slf4j\2.14.1\log4j-to-slf4j-2.14.1.jar;C:\Users\Desktop\.m2\repository\org\apache\logging\log4j\log4j-api\2.14.1\log4j-api-2.14.1.jar;C:\Users\Desktop\.m2\repository\org\slf4j\jul-to-slf4j\1.7.32\jul-to-slf4j-1.7.32.jar;C:\Users\Desktop\.m2\repository\jakarta\annotation\jakarta.annotation-api\1.3.5\jakarta.annotation-api-1.3.5.jar;C:\Users\Desktop\.m2\repository\org\yaml\snakeyaml\1.29\snakeyaml-1.29.jar;C:\Users\Desktop\.m2\repository\org\springframework\boot\spring-boot-starter-json\2.6.1\spring-boot-starter-json-2.6.1.jar;C:\Users\Desktop\.m2\repository\com\fasterxml\jackson\core\jackson-databind\2.13.0\jackson-databind-2.13.0.jar;C:\Users\Desktop\.m2\repository\com\fasterxml\jackson\core\jackson-annotations\2.13.0\jackson-annotations-2.13.0.jar;C:\Users\De
Launcher Type: SUN_STANDARD

[Global flags]
     intx CICompilerCount                          = 3                                         {product} {ergonomic}
     uint ConcGCThreads                            = 1                                         {product} {ergonomic}
     uint G1ConcRefinementThreads                  = 4                                         {product} {ergonomic}
   size_t G1HeapRegionSize                         = 1048576                                   {product} {ergonomic}
    uintx GCDrainStackTargetSize                   = 64                                        {product} {ergonomic}
   size_t InitialHeapSize                          = 134217728                                 {product} {ergonomic}
   size_t MarkStackSize                            = 4194304                                   {product} {ergonomic}
   size_t MaxHeapSize                              = 2124414976                                {product} {ergonomic}
   size_t MaxNewSize                               = 1274019840                                {product} {ergonomic}
   size_t MinHeapDeltaBytes                        = 1048576                                   {product} {ergonomic}
    uintx NonNMethodCodeHeapSize                   = 5830732                                {pd product} {ergonomic}
    uintx NonProfiledCodeHeapSize                  = 122913754                              {pd product} {ergonomic}
    uintx ProfiledCodeHeapSize                     = 122913754                              {pd product} {ergonomic}
    uintx ReservedCodeCacheSize                    = 251658240                              {pd product} {ergonomic}
     bool SegmentedCodeCache                       = true                                      {product} {ergonomic}
     bool UseCompressedClassPointers               = true                                 {lp64_product} {ergonomic}
     bool UseCompressedOops                        = true                                 {lp64_product} {ergonomic}
     bool UseG1GC                                  = true                                      {product} {ergonomic}
     bool UseLargePagesIndividualAllocation        = false                                  {pd product} {ergonomic}

Logging:
Log output configuration:
 #0: stdout all=warning uptime,level,tags
 #1: stderr all=off uptime,level,tags

Environment Variables:
JAVA_HOME=C:\Program Files\Java\zulu17.28.13-ca-jdk17.0.0-win_x64
PATH=C:\Program Files (x86)\VMware\VMware Player\bin\;C:\Program Files\Java\zulu17.28.13-ca-jdk17.0.0-win_x64\bin;C:\WINDOWS\system32;C:\WINDOWS;C:\WINDOWS\System32\Wbem;C:\WINDOWS\System32\WindowsPowerShell\v1.0\;C:\WINDOWS\System32\OpenSSH\;C:\Program Files\nodejs\;C:\Program Files\Git\cmd;C:\Program Files\PuTTY\;;C:\Program Files\Docker\Docker\resources\bin;C:\ProgramData\DockerDesktop\version-bin;C:\Program Files\Amazon\AWSCLIV2\;C:\Program Files\MySQL\MySQL Shell 8.0\bin\;C:\Users\Desktop\AppData\Local\Microsoft\WindowsApps;C:\Users\Desktop\AppData\Local\Programs\Microsoft VS Code\bin;C:\Users\Desktop\AppData\Roaming\npm;C:\Users\Desktop\AppData\Local\GitHubDesktop\bin;;C:\Program Files\JetBrains\IntelliJ IDEA 2021.2.3\bin;;C:\Program Files\heroku\bin
USERNAME=Desktop
OS=Windows_NT
PROCESSOR_IDENTIFIER=Intel64 Family 6 Model 42 Stepping 7, GenuineIntel



---------------  S Y S T E M  ---------------

OS: Windows 10 , 64 bit Build 19041 (10.0.19041.1348)
OS uptime: 0 days 4:27 hours
Hyper-V role detected

CPU:total 4 (initial active 4) (2 cores per cpu, 2 threads per core) family 6 model 42 stepping 7 microcode 0x2f, cmov, cx8, fxsr, mmx, sse, sse2, sse3, ssse3, sse4.1, sse4.2, popcnt, avx, aes, clmul, ht, tsc, tscinvbit

Memory: 4k page, system-wide physical 8099M (1393M free)
TotalPageFile size 11039M (AvailPageFile size 1627M)
current process WorkingSet (physical memory assigned to process): 101M, peak: 101M
current process commit charge ("private bytes"): 238M, peak: 238M

vm_info: OpenJDK 64-Bit Server VM (11.0.13+8-LTS) for windows-amd64 JRE (11.0.13+8-LTS), built on Oct 13 2021 21:32:06 by "Administrator" with unknown MS VC++:1916

END.
